<?xml version="1.0" encoding="UTF-8"?>
<!-- Generated by org.testng.reporters.JUnitXMLReporter -->
<testsuite ignored="5" hostname="DESKTOP-S5MMF0I" failures="1" tests="1" name="Test" time="66.755" errors="0" timestamp="21 Dec 2022 08:12:06 GMT">
  <testcase classname="tripadvisor.TestCases.HolidayHomeTest" name="Tc_003_holidayHomeWithLiftAccess" time="57.865">
    <failure type="org.openqa.selenium.NoSuchElementException" message="no such element: Unable to locate element: {&amp;quot;method&amp;quot;:&amp;quot;xpath&amp;quot;,&amp;quot;selector&amp;quot;:&amp;quot;//div[@class=&amp;apos;aUyvq c&amp;apos;]&amp;quot;}
  (Session info: chrome=108.0.5359.125)
For documentation on this error, please visit: https://selenium.dev/exceptions/#no_such_element
Build info: version: &amp;apos;4.4.0&amp;apos;, revision: &amp;apos;e5c75ed026a&amp;apos;
System info: host: &amp;apos;DESKTOP-S5MMF0I&amp;apos;, ip: &amp;apos;192.168.142.17&amp;apos;, os.name: &amp;apos;Windows 10&amp;apos;, os.arch: &amp;apos;amd64&amp;apos;, os.version: &amp;apos;10.0&amp;apos;, java.version: &amp;apos;17.0.5&amp;apos;
Driver info: org.openqa.selenium.chrome.ChromeDriver
Command: [6e522a665a010c1f95e2b76b436e79b9, findElement {using=xpath, value=//div[@class=&amp;apos;aUyvq c&amp;apos;]}]
Capabilities {acceptInsecureCerts: false, browserName: chrome, browserVersion: 108.0.5359.125, chrome: {chromedriverVersion: 108.0.5359.71 (1e0e3868ee06..., userDataDir: C:\Users\RESHMA\AppData\Loc...}, goog:chromeOptions: {debuggerAddress: localhost:59509}, networkConnectionEnabled: false, pageLoadStrategy: normal, platformName: WINDOWS, proxy: Proxy(), se:cdp: ws://localhost:59509/devtoo..., se:cdpVersion: 108.0.5359.125, setWindowRect: true, strictFileInteractability: false, timeouts: {implicit: 0, pageLoad: 300000, script: 30000}, unhandledPromptBehavior: dismiss and notify, webauthn:extension:credBlob: true, webauthn:extension:largeBlob: true, webauthn:virtualAuthenticators: true}
Session ID: 6e522a665a010c1f95e2b76b436e79b9">
      <![CDATA[org.openqa.selenium.NoSuchElementException: no such element: Unable to locate element: {"method":"xpath","selector":"//div[@class='aUyvq c']"}
  (Session info: chrome=108.0.5359.125)
For documentation on this error, please visit: https://selenium.dev/exceptions/#no_such_element
Build info: version: '4.4.0', revision: 'e5c75ed026a'
System info: host: 'DESKTOP-S5MMF0I', ip: '192.168.142.17', os.name: 'Windows 10', os.arch: 'amd64', os.version: '10.0', java.version: '17.0.5'
Driver info: org.openqa.selenium.chrome.ChromeDriver
Command: [6e522a665a010c1f95e2b76b436e79b9, findElement {using=xpath, value=//div[@class='aUyvq c']}]
Capabilities {acceptInsecureCerts: false, browserName: chrome, browserVersion: 108.0.5359.125, chrome: {chromedriverVersion: 108.0.5359.71 (1e0e3868ee06..., userDataDir: C:\Users\RESHMA\AppData\Loc...}, goog:chromeOptions: {debuggerAddress: localhost:59509}, networkConnectionEnabled: false, pageLoadStrategy: normal, platformName: WINDOWS, proxy: Proxy(), se:cdp: ws://localhost:59509/devtoo..., se:cdpVersion: 108.0.5359.125, setWindowRect: true, strictFileInteractability: false, timeouts: {implicit: 0, pageLoad: 300000, script: 30000}, unhandledPromptBehavior: dismiss and notify, webauthn:extension:credBlob: true, webauthn:extension:largeBlob: true, webauthn:virtualAuthenticators: true}
Session ID: 6e522a665a010c1f95e2b76b436e79b9
	at org.openqa.selenium.remote.codec.w3c.W3CHttpResponseCodec.createException(W3CHttpResponseCodec.java:200)
	at org.openqa.selenium.remote.codec.w3c.W3CHttpResponseCodec.decode(W3CHttpResponseCodec.java:133)
	at org.openqa.selenium.remote.codec.w3c.W3CHttpResponseCodec.decode(W3CHttpResponseCodec.java:53)
	at org.openqa.selenium.remote.HttpCommandExecutor.execute(HttpCommandExecutor.java:184)
	at org.openqa.selenium.remote.service.DriverCommandExecutor.invokeExecute(DriverCommandExecutor.java:167)
	at org.openqa.selenium.remote.service.DriverCommandExecutor.execute(DriverCommandExecutor.java:142)
	at org.openqa.selenium.remote.RemoteWebDriver.execute(RemoteWebDriver.java:547)
	at org.openqa.selenium.remote.ElementLocation$ElementFinder$2.findElement(ElementLocation.java:162)
	at org.openqa.selenium.remote.ElementLocation.findElement(ElementLocation.java:60)
	at org.openqa.selenium.remote.RemoteWebDriver.findElement(RemoteWebDriver.java:365)
	at org.openqa.selenium.remote.RemoteWebDriver.findElement(RemoteWebDriver.java:357)
	at org.openqa.selenium.support.pagefactory.DefaultElementLocator.findElement(DefaultElementLocator.java:70)
	at org.openqa.selenium.support.pagefactory.internal.LocatingElementHandler.invoke(LocatingElementHandler.java:39)
	at jdk.proxy2/jdk.proxy2.$Proxy17.getText(Unknown Source)
	at tripadvisor.Pages.HolidayHome.selectChekOutDate(HolidayHome.java:530)
	at tripadvisor.Pages.HolidayHome.holidayHomeWithLiftAccess(HolidayHome.java:432)
	at tripadvisor.TestCases.HolidayHomeTest.Tc_003_holidayHomeWithLiftAccess(HolidayHomeTest.java:28)
... Removed 30 stack frames]]>
    </failure>
  </testcase> <!-- Tc_003_holidayHomeWithLiftAccess -->
  <testcase classname="tripadvisor.TestCases.HolidayHomeTest" name="Tc_002_travellerRatingVarificationForHolidayHomes" time="0.0">
    <ignored/>
  </testcase> <!-- Tc_002_travellerRatingVarificationForHolidayHomes -->
  <testcase classname="tripadvisor.TestCases.HolidayHomeTest" name="Tc_004_dateValidationforFirstHolidayHome" time="0.0">
    <ignored/>
  </testcase> <!-- Tc_004_dateValidationforFirstHolidayHome -->
  <testcase classname="tripadvisor.TestCases.HolidayHomeTest" name="Tc_006_dateValidationforThirdHolidayHome" time="0.0">
    <ignored/>
  </testcase> <!-- Tc_006_dateValidationforThirdHolidayHome -->
  <testcase classname="tripadvisor.TestCases.HolidayHomeTest" name="TC_01_validationOfHotelSearchesWithCapacityOfFourPeoples" time="0.0">
    <ignored/>
  </testcase> <!-- TC_01_validationOfHotelSearchesWithCapacityOfFourPeoples -->
  <testcase classname="tripadvisor.TestCases.HolidayHomeTest" name="Tc_005_dateValidationforSecondHolidayHome" time="0.0">
    <ignored/>
  </testcase> <!-- Tc_005_dateValidationforSecondHolidayHome -->
</testsuite> <!-- Test -->
